-----------------|----------|----------|----------|----------|----------------|
File             |  % Stmts | % Branch |  % Funcs |  % Lines |Uncovered Lines |
-----------------|----------|----------|----------|----------|----------------|
 [32;1mMeasurement\   [0m |[32;1m    82.69[0m |[33;1m    68.18[0m |[32;1m       80[0m |[32;1m    84.44[0m |[31;1m               [0m |
  [32;1mMeasurement.js[0m |[32;1m    82.69[0m |[33;1m    68.18[0m |[32;1m       80[0m |[32;1m    84.44[0m |[31;1m... ,80,100,136[0m |
-----------------|----------|----------|----------|----------|----------------|
[32;1mAll files       [0m |[32;1m    82.69[0m |[33;1m    68.18[0m |[32;1m       80[0m |[32;1m    84.44[0m |[31;1m               [0m |
-----------------|----------|----------|----------|----------|----------------|
